
   PS:<BCPL>
 360LIB.MAS.1;OFFLINE
 BBN_BCPL.FILES.1;OFFLINE
 BCPL.USERS.1;OFFLINE
 BCPL-CHANGES.TXT.2;OFFLINE
 BCPL-FILES.DOC.2;OFFLINE
 BCPL-OLD-CHANGES.TXT.1;OFFLINE
 BCPLIB-CHANGES.TXT.2;OFFLINE
 BCPLIB-OLD-CHANGES.TXT.1;OFFLINE
 BDDT-CHANGES.TXT.2;OFFLINE
 BDDT-OLD-CHANGES.TXT.1;OFFLINE
 CASE.EXE.1;OFFLINE
 CONC.DOC.3;OFFLINE
 DISPLAYHEAD.BCP.3;OFFLINE
 DO.EXAMPLE.3;OFFLINE
 DO.REL.1;OFFLINE
 DO.S.1;OFFLINE
 EXEC.UPAS.1;OFFLINE
 FRKLIB.REL.3;OFFLINE
 HCFDEF.MIC.1;OFFLINE
 HCFMAC.MIC.1;OFFLINE
 MONSYM_ERROR_MESSAGES.TXT.1;OFFLINE
 NETLIB.REL.4;OFFLINE
 NEW-CONC.EXE.1;OFFLINE
 NON-BBN.USERS.1;OFFLINE
 NUMGEN.EXE.1;OFFLINE
 NUMGEN.REL.1;OFFLINE
 NUMGEN.S.1;OFFLINE
 OLD-PSAVE.EXE.1;OFFLINE
 PSAVE.EXE.3;OFFLINE
 PSYMB.EXE.3;OFFLINE
 SUBFIL.EXE.1;OFFLINE
 SUBFIL.HLP.1;OFFLINE
 SYMBOL.EXE.2;OFFLINE
 TENEX.WHICHSYSTEM.2;OFFLINE
 TOPS20.USERS.1;OFFLINE
 XBCPL.DICTIONARY.1;OFFLINE
 XBCPL.ERRORS.1;OFFLINE
 XCONC.EXE.1;OFFLINE
 _^RSV..1;OFFLINE

 Total of 39 files
